0 	 0 	 0\161.jpg
1 	 1 	 1\96.jpg
2 	 0 	 0\80.jpg
3 	 0 	 0\550.jpg
4 	 1 	 1\210.jpg
5 	 0 	 0\496.jpg
6 	 1 	 1\508.jpg
7 	 0 	 0\507.jpg
8 	 0 	 0\365.jpg
9 	 1 	 1\200.jpg
10 	 0 	 0\607.jpg
11 	 0 	 0\63.jpg
12 	 0 	 0\165.jpg
13 	 0 	 0\470.jpg
14 	 0 	 0\692.jpg
15 	 1 	 1\492.jpg
16 	 1 	 1\117.jpg
17 	 0 	 0\3.jpg
18 	 0 	 0\149.jpg
19 	 0 	 0\78.jpg
20 	 0 	 0\475.jpg
21 	 1 	 1\161.jpg
22 	 0 	 0\374.jpg
23 	 0 	 0\409.jpg
24 	 1 	 1\78.jpg
25 	 0 	 0\640.jpg
26 	 0 	 0\73.jpg
27 	 0 	 0\188.jpg
28 	 1 	 1\423.jpg
29 	 1 	 1\313.jpg
30 	 0 	 0\601.jpg
31 	 0 	 0\215.jpg
32 	 0 	 0\485.jpg
33 	 0 	 0\637.jpg
34 	 0 	 0\627.jpg
35 	 0 	 0\625.jpg
36 	 0 	 0\392.jpg
37 	 0 	 0\522.jpg
38 	 1 	 1\58.jpg
39 	 1 	 1\196.jpg
40 	 0 	 0\581.jpg
41 	 0 	 0\176.jpg
42 	 1 	 1\259.jpg
43 	 0 	 0\375.jpg
44 	 1 	 1\69.jpg
45 	 1 	 1\273.jpg
46 	 0 	 0\319.jpg
47 	 1 	 1\294.jpg
48 	 0 	 0\410.jpg
49 	 0 	 0\357.jpg
50 	 0 	 0\586.jpg
51 	 1 	 1\126.jpg
52 	 0 	 0\204.jpg
53 	 0 	 0\424.jpg
54 	 1 	 1\457.jpg
55 	 0 	 0\33.jpg
56 	 1 	 1\282.jpg
57 	 0 	 0\629.jpg
58 	 0 	 0\85.jpg
59 	 0 	 0\134.jpg
60 	 1 	 1\224.jpg
61 	 0 	 0\678.jpg
62 	 0 	 0\576.jpg
63 	 0 	 0\622.jpg
64 	 1 	 1\192.jpg
65 	 0 	 0\497.jpg
66 	 1 	 1\484.jpg
67 	 1 	 1\175.jpg
68 	 0 	 0\7.jpg
69 	 0 	 0\415.jpg
70 	 0 	 0\251.jpg
71 	 1 	 1\20.jpg
72 	 0 	 0\534.jpg
73 	 1 	 1\184.jpg
74 	 1 	 1\402.jpg
75 	 0 	 0\635.jpg
76 	 0 	 0\600.jpg
77 	 0 	 0\159.jpg
78 	 1 	 1\17.jpg
79 	 1 	 1\287.jpg
80 	 1 	 1\433.jpg
81 	 1 	 1\248.jpg
82 	 0 	 0\25.jpg
83 	 1 	 1\482.jpg
84 	 1 	 1\415.jpg
85 	 0 	 0\28.jpg
86 	 0 	 0\568.jpg
87 	 0 	 0\103.jpg
88 	 0 	 0\611.jpg
89 	 1 	 1\263.jpg
90 	 1 	 1\411.jpg
91 	 1 	 1\306.jpg
92 	 1 	 1\437.jpg
93 	 1 	 1\346.jpg
94 	 0 	 0\100.jpg
95 	 0 	 0\347.jpg
96 	 1 	 1\154.jpg
97 	 1 	 1\195.jpg
98 	 1 	 1\466.jpg
99 	 0 	 0\193.jpg
100 	 0 	 0\62.jpg
101 	 0 	 0\151.jpg
102 	 0 	 0\384.jpg
103 	 1 	 1\51.jpg
104 	 1 	 1\376.jpg
105 	 0 	 0\433.jpg
106 	 1 	 1\109.jpg
107 	 0 	 0\533.jpg
108 	 1 	 1\390.jpg
109 	 0 	 0\45.jpg
110 	 0 	 0\95.jpg
111 	 0 	 0\298.jpg
112 	 0 	 0\296.jpg
113 	 1 	 1\367.jpg
114 	 1 	 1\54.jpg
115 	 0 	 0\452.jpg
116 	 0 	 0\154.jpg
117 	 0 	 0\420.jpg
118 	 0 	 0\8.jpg
119 	 1 	 1\458.jpg
120 	 1 	 1\111.jpg
121 	 0 	 0\642.jpg
122 	 1 	 1\226.jpg
123 	 1 	 1\354.jpg
124 	 1 	 1\91.jpg
125 	 0 	 0\413.jpg
126 	 0 	 0\277.jpg
127 	 1 	 1\340.jpg
128 	 0 	 0\672.jpg
129 	 1 	 1\361.jpg
130 	 1 	 1\244.jpg
131 	 0 	 0\479.jpg
132 	 0 	 0\656.jpg
133 	 1 	 1\203.jpg
134 	 0 	 0\379.jpg
135 	 0 	 0\574.jpg
136 	 0 	 0\569.jpg
137 	 1 	 1\276.jpg
138 	 0 	 0\524.jpg
139 	 0 	 0\56.jpg
140 	 1 	 1\314.jpg
141 	 0 	 0\499.jpg
142 	 0 	 0\354.jpg
143 	 0 	 0\119.jpg
144 	 0 	 0\609.jpg
145 	 0 	 0\35.jpg
146 	 0 	 0\120.jpg
147 	 0 	 0\710.jpg
148 	 0 	 0\644.jpg
149 	 1 	 1\105.jpg
150 	 0 	 0\391.jpg
151 	 0 	 0\565.jpg
152 	 1 	 1\199.jpg
153 	 1 	 1\18.jpg
154 	 0 	 0\336.jpg
155 	 0 	 0\462.jpg
156 	 1 	 1\302.jpg
157 	 1 	 1\247.jpg
158 	 1 	 1\136.jpg
159 	 0 	 0\431.jpg
160 	 0 	 0\528.jpg
161 	 0 	 0\315.jpg
162 	 1 	 1\41.jpg
163 	 1 	 1\223.jpg
164 	 0 	 0\638.jpg
165 	 1 	 1\220.jpg
166 	 0 	 0\84.jpg
167 	 0 	 0\153.jpg
168 	 1 	 1\44.jpg
169 	 1 	 1\418.jpg
170 	 0 	 0\444.jpg
171 	 1 	 1\202.jpg
172 	 1 	 1\348.jpg
173 	 0 	 0\529.jpg
174 	 1 	 1\360.jpg
175 	 0 	 0\87.jpg
176 	 0 	 0\284.jpg
177 	 1 	 1\431.jpg
178 	 0 	 0\667.jpg
179 	 0 	 0\76.jpg
180 	 1 	 1\429.jpg
181 	 1 	 1\507.jpg
182 	 0 	 0\411.jpg
183 	 0 	 0\116.jpg
184 	 1 	 1\99.jpg
185 	 0 	 0\577.jpg
186 	 0 	 0\194.jpg
187 	 1 	 1\288.jpg
188 	 1 	 1\30.jpg
189 	 0 	 0\79.jpg
190 	 0 	 0\69.jpg
191 	 0 	 0\547.jpg
192 	 0 	 0\236.jpg
193 	 0 	 0\512.jpg
194 	 0 	 0\221.jpg
195 	 0 	 0\707.jpg
196 	 1 	 1\514.jpg
197 	 0 	 0\511.jpg
198 	 0 	 0\287.jpg
199 	 1 	 1\365.jpg
200 	 1 	 1\70.jpg
201 	 0 	 0\510.jpg
202 	 1 	 1\357.jpg
203 	 0 	 0\588.jpg
204 	 1 	 1\206.jpg
205 	 1 	 1\113.jpg
206 	 1 	 1\165.jpg
207 	 1 	 1\280.jpg
208 	 0 	 0\197.jpg
209 	 0 	 0\671.jpg
210 	 1 	 1\504.jpg
211 	 0 	 0\125.jpg
212 	 1 	 1\159.jpg
213 	 1 	 1\198.jpg
214 	 0 	 0\695.jpg
215 	 0 	 0\397.jpg
216 	 1 	 1\256.jpg
217 	 1 	 1\476.jpg
218 	 1 	 1\28.jpg
219 	 1 	 1\494.jpg
220 	 1 	 1\124.jpg
221 	 0 	 0\575.jpg
222 	 0 	 0\616.jpg
223 	 0 	 0\308.jpg
224 	 0 	 0\269.jpg
225 	 1 	 1\421.jpg
226 	 0 	 0\52.jpg
227 	 1 	 1\353.jpg
228 	 0 	 0\563.jpg
229 	 1 	 1\336.jpg
230 	 0 	 0\545.jpg
231 	 0 	 0\92.jpg
232 	 0 	 0\181.jpg
233 	 1 	 1\98.jpg
234 	 1 	 1\79.jpg
235 	 0 	 0\665.jpg
236 	 1 	 1\66.jpg
237 	 0 	 0\330.jpg
238 	 0 	 0\304.jpg
239 	 0 	 0\668.jpg
240 	 0 	 0\338.jpg
241 	 1 	 1\397.jpg
242 	 0 	 0\632.jpg
243 	 0 	 0\655.jpg
244 	 0 	 0\636.jpg
245 	 0 	 0\463.jpg
246 	 1 	 1\84.jpg
247 	 0 	 0\546.jpg
248 	 1 	 1\291.jpg
249 	 1 	 1\160.jpg
250 	 1 	 1\36.jpg
251 	 1 	 1\381.jpg
252 	 0 	 0\114.jpg
253 	 1 	 1\215.jpg
254 	 0 	 0\442.jpg
255 	 0 	 0\646.jpg
256 	 0 	 0\230.jpg
257 	 0 	 0\195.jpg
258 	 1 	 1\132.jpg
259 	 0 	 0\231.jpg
260 	 1 	 1\297.jpg
261 	 1 	 1\49.jpg
262 	 0 	 0\183.jpg
263 	 1 	 1\77.jpg
264 	 1 	 1\106.jpg
265 	 0 	 0\324.jpg
266 	 0 	 0\406.jpg
267 	 0 	 0\169.jpg
268 	 1 	 1\15.jpg
269 	 0 	 0\447.jpg
270 	 0 	 0\509.jpg
271 	 0 	 0\659.jpg
272 	 0 	 0\105.jpg
273 	 0 	 0\612.jpg
274 	 1 	 1\1.jpg
275 	 1 	 1\135.jpg
276 	 0 	 0\468.jpg
277 	 0 	 0\517.jpg
278 	 0 	 0\573.jpg
279 	 0 	 0\248.jpg
280 	 0 	 0\198.jpg
281 	 0 	 0\61.jpg
282 	 1 	 1\350.jpg
283 	 0 	 0\38.jpg
284 	 0 	 0\394.jpg
285 	 0 	 0\657.jpg
286 	 1 	 1\39.jpg
287 	 0 	 0\345.jpg
288 	 1 	 1\311.jpg
289 	 0 	 0\42.jpg
290 	 1 	 1\322.jpg
291 	 0 	 0\368.jpg
292 	 1 	 1\147.jpg
293 	 0 	 0\606.jpg
294 	 0 	 0\449.jpg
295 	 1 	 1\451.jpg
296 	 0 	 0\207.jpg
297 	 1 	 1\127.jpg
298 	 1 	 1\216.jpg
299 	 1 	 1\112.jpg
300 	 0 	 0\202.jpg
301 	 1 	 1\308.jpg
302 	 1 	 1\219.jpg
303 	 0 	 0\127.jpg
304 	 0 	 0\327.jpg
305 	 0 	 0\399.jpg
306 	 1 	 1\272.jpg
307 	 1 	 1\7.jpg
308 	 0 	 0\283.jpg
309 	 1 	 1\339.jpg
310 	 1 	 1\488.jpg
311 	 1 	 1\318.jpg
312 	 0 	 0\590.jpg
313 	 1 	 1\343.jpg
314 	 0 	 0\425.jpg
315 	 0 	 0\82.jpg
316 	 0 	 0\578.jpg
317 	 1 	 1\183.jpg
318 	 1 	 1\146.jpg
319 	 0 	 0\163.jpg
320 	 0 	 0\238.jpg
321 	 1 	 1\129.jpg
322 	 1 	 1\315.jpg
323 	 0 	 0\164.jpg
324 	 0 	 0\15.jpg
325 	 0 	 0\369.jpg
326 	 0 	 0\196.jpg
327 	 0 	 0\630.jpg
328 	 0 	 0\366.jpg
329 	 0 	 0\662.jpg
330 	 0 	 0\136.jpg
331 	 0 	 0\564.jpg
332 	 1 	 1\452.jpg
333 	 0 	 0\252.jpg
334 	 0 	 0\155.jpg
335 	 0 	 0\543.jpg
336 	 0 	 0\685.jpg
337 	 0 	 0\310.jpg
338 	 0 	 0\128.jpg
339 	 0 	 0\536.jpg
340 	 0 	 0\182.jpg
341 	 0 	 0\639.jpg
342 	 0 	 0\407.jpg
343 	 1 	 1\499.jpg
344 	 1 	 1\465.jpg
345 	 1 	 1\462.jpg
346 	 0 	 0\585.jpg
347 	 0 	 0\487.jpg
348 	 1 	 1\295.jpg
349 	 1 	 1\177.jpg
350 	 1 	 1\497.jpg
351 	 1 	 1\309.jpg
352 	 1 	 1\208.jpg
353 	 0 	 0\232.jpg
354 	 0 	 0\661.jpg
355 	 0 	 0\492.jpg
356 	 0 	 0\121.jpg
357 	 1 	 1\486.jpg
358 	 0 	 0\306.jpg
359 	 1 	 1\487.jpg
360 	 0 	 0\484.jpg
361 	 1 	 1\38.jpg
362 	 0 	 0\247.jpg
363 	 0 	 0\313.jpg
364 	 1 	 1\467.jpg
365 	 0 	 0\480.jpg
366 	 0 	 0\302.jpg
367 	 0 	 0\558.jpg
368 	 1 	 1\349.jpg
369 	 1 	 1\207.jpg
370 	 1 	 1\425.jpg
371 	 0 	 0\453.jpg
372 	 0 	 0\693.jpg
373 	 0 	 0\19.jpg
374 	 1 	 1\80.jpg
375 	 1 	 1\2.jpg
376 	 1 	 1\298.jpg
377 	 0 	 0\106.jpg
378 	 1 	 1\121.jpg
379 	 1 	 1\179.jpg
380 	 0 	 0\223.jpg
381 	 0 	 0\361.jpg
382 	 0 	 0\378.jpg
383 	 0 	 0\666.jpg
384 	 1 	 1\182.jpg
385 	 1 	 1\133.jpg
386 	 0 	 0\340.jpg
387 	 1 	 1\407.jpg
388 	 1 	 1\65.jpg
389 	 0 	 0\263.jpg
390 	 0 	 0\219.jpg
391 	 0 	 0\530.jpg
392 	 0 	 0\240.jpg
393 	 1 	 1\43.jpg
394 	 0 	 0\107.jpg
395 	 0 	 0\694.jpg
396 	 0 	 0\647.jpg
397 	 0 	 0\290.jpg
398 	 0 	 0\645.jpg
399 	 0 	 0\619.jpg
400 	 0 	 0\135.jpg
401 	 1 	 1\478.jpg
402 	 0 	 0\515.jpg
403 	 0 	 0\303.jpg
404 	 0 	 0\16.jpg
405 	 1 	 1\240.jpg
406 	 0 	 0\363.jpg
407 	 0 	 0\506.jpg
408 	 0 	 0\389.jpg
409 	 0 	 0\398.jpg
410 	 1 	 1\370.jpg
411 	 1 	 1\286.jpg
412 	 0 	 0\257.jpg
413 	 1 	 1\243.jpg
414 	 0 	 0\275.jpg
415 	 1 	 1\152.jpg
416 	 0 	 0\682.jpg
417 	 1 	 1\512.jpg
418 	 0 	 0\513.jpg
419 	 1 	 1\82.jpg
420 	 0 	 0\93.jpg
421 	 0 	 0\544.jpg
422 	 0 	 0\43.jpg
423 	 0 	 0\526.jpg
424 	 0 	 0\225.jpg
425 	 0 	 0\254.jpg
426 	 0 	 0\408.jpg
427 	 0 	 0\55.jpg
428 	 0 	 0\605.jpg
429 	 1 	 1\40.jpg
430 	 1 	 1\513.jpg
431 	 1 	 1\321.jpg
432 	 0 	 0\244.jpg
433 	 0 	 0\150.jpg
434 	 1 	 1\435.jpg
435 	 1 	 1\251.jpg
436 	 0 	 0\229.jpg
437 	 0 	 0\47.jpg
438 	 1 	 1\187.jpg
439 	 1 	 1\480.jpg
440 	 0 	 0\593.jpg
441 	 0 	 0\418.jpg
442 	 1 	 1\190.jpg
443 	 0 	 0\367.jpg
444 	 1 	 1\37.jpg
445 	 0 	 0\276.jpg
446 	 1 	 1\472.jpg
447 	 1 	 1\156.jpg
448 	 1 	 1\296.jpg
449 	 0 	 0\77.jpg
450 	 0 	 0\65.jpg
451 	 1 	 1\209.jpg
452 	 1 	 1\307.jpg
453 	 0 	 0\505.jpg
454 	 1 	 1\29.jpg
455 	 0 	 0\267.jpg
456 	 0 	 0\320.jpg
457 	 0 	 0\595.jpg
458 	 1 	 1\394.jpg
459 	 0 	 0\350.jpg
460 	 0 	 0\317.jpg
461 	 0 	 0\325.jpg
462 	 1 	 1\25.jpg
463 	 0 	 0\427.jpg
464 	 0 	 0\360.jpg
465 	 1 	 1\142.jpg
466 	 1 	 1\335.jpg
467 	 0 	 0\493.jpg
468 	 1 	 1\81.jpg
469 	 0 	 0\242.jpg
470 	 0 	 0\278.jpg
471 	 1 	 1\490.jpg
472 	 1 	 1\85.jpg
473 	 0 	 0\502.jpg
474 	 1 	 1\88.jpg
475 	 0 	 0\22.jpg
476 	 0 	 0\664.jpg
477 	 1 	 1\128.jpg
478 	 0 	 0\674.jpg
479 	 0 	 0\168.jpg
480 	 1 	 1\3.jpg
481 	 0 	 0\508.jpg
482 	 0 	 0\589.jpg
483 	 0 	 0\205.jpg
484 	 1 	 1\218.jpg
485 	 0 	 0\170.jpg
486 	 0 	 0\133.jpg
487 	 0 	 0\157.jpg
488 	 0 	 0\454.jpg
489 	 1 	 1\253.jpg
490 	 1 	 1\475.jpg
491 	 0 	 0\483.jpg
492 	 1 	 1\185.jpg
493 	 0 	 0\610.jpg
494 	 0 	 0\704.jpg
495 	 0 	 0\203.jpg
496 	 0 	 0\488.jpg
497 	 1 	 1\362.jpg
498 	 0 	 0\286.jpg
499 	 0 	 0\27.jpg
500 	 1 	 1\312.jpg
501 	 0 	 0\101.jpg
502 	 0 	 0\435.jpg
503 	 0 	 0\91.jpg
504 	 0 	 0\31.jpg
505 	 1 	 1\405.jpg
506 	 0 	 0\184.jpg
507 	 1 	 1\502.jpg
508 	 0 	 0\353.jpg
509 	 0 	 0\140.jpg
510 	 0 	 0\326.jpg
511 	 1 	 1\50.jpg
512 	 1 	 1\13.jpg
513 	 1 	 1\351.jpg
514 	 0 	 0\44.jpg
515 	 0 	 0\675.jpg
516 	 1 	 1\193.jpg
517 	 1 	 1\395.jpg
518 	 0 	 0\341.jpg
519 	 1 	 1\268.jpg
520 	 1 	 1\269.jpg
521 	 0 	 0\256.jpg
522 	 0 	 0\346.jpg
523 	 0 	 0\285.jpg
524 	 0 	 0\440.jpg
525 	 0 	 0\518.jpg
526 	 1 	 1\438.jpg
527 	 0 	 0\246.jpg
528 	 0 	 0\417.jpg
529 	 0 	 0\258.jpg
530 	 0 	 0\703.jpg
531 	 0 	 0\216.jpg
532 	 1 	 1\89.jpg
533 	 0 	 0\521.jpg
534 	 1 	 1\455.jpg
535 	 0 	 0\355.jpg
536 	 0 	 0\540.jpg
537 	 1 	 1\427.jpg
538 	 0 	 0\75.jpg
539 	 0 	 0\179.jpg
540 	 0 	 0\74.jpg
541 	 1 	 1\138.jpg
542 	 1 	 1\330.jpg
543 	 0 	 0\9.jpg
544 	 1 	 1\471.jpg
545 	 1 	 1\120.jpg
546 	 0 	 0\532.jpg
547 	 0 	 0\51.jpg
548 	 0 	 0\713.jpg
549 	 0 	 0\99.jpg
550 	 0 	 0\262.jpg
551 	 1 	 1\496.jpg
552 	 0 	 0\265.jpg
553 	 0 	 0\64.jpg
554 	 1 	 1\61.jpg
555 	 0 	 0\681.jpg
556 	 1 	 1\197.jpg
557 	 0 	 0\393.jpg
558 	 1 	 1\236.jpg
559 	 1 	 1\72.jpg
560 	 0 	 0\437.jpg
561 	 0 	 0\175.jpg
562 	 0 	 0\541.jpg
563 	 0 	 0\402.jpg
564 	 0 	 0\260.jpg
565 	 0 	 0\582.jpg
566 	 0 	 0\96.jpg
567 	 0 	 0\405.jpg
568 	 1 	 1\114.jpg
569 	 0 	 0\566.jpg
570 	 0 	 0\490.jpg
571 	 1 	 1\27.jpg
572 	 1 	 1\189.jpg
573 	 1 	 1\379.jpg
574 	 0 	 0\200.jpg
575 	 1 	 1\352.jpg
576 	 1 	 1\171.jpg
577 	 0 	 0\464.jpg
578 	 0 	 0\445.jpg
579 	 0 	 0\561.jpg
580 	 1 	 1\424.jpg
581 	 0 	 0\166.jpg
582 	 1 	 1\164.jpg
583 	 1 	 1\153.jpg
584 	 0 	 0\549.jpg
585 	 1 	 1\64.jpg
586 	 0 	 0\669.jpg
587 	 1 	 1\506.jpg
588 	 1 	 1\92.jpg
589 	 0 	 0\228.jpg
590 	 0 	 0\428.jpg
591 	 0 	 0\376.jpg
592 	 1 	 1\228.jpg
593 	 0 	 0\212.jpg
594 	 0 	 0\634.jpg
595 	 0 	 0\372.jpg
596 	 1 	 1\398.jpg
597 	 0 	 0\358.jpg
598 	 0 	 0\466.jpg
599 	 0 	 0\535.jpg
600 	 0 	 0\348.jpg
601 	 1 	 1\329.jpg
602 	 0 	 0\523.jpg
603 	 0 	 0\294.jpg
604 	 1 	 1\317.jpg
605 	 0 	 0\199.jpg
606 	 0 	 0\72.jpg
607 	 0 	 0\172.jpg
608 	 0 	 0\54.jpg
609 	 1 	 1\212.jpg
610 	 0 	 0\441.jpg
611 	 1 	 1\371.jpg
612 	 0 	 0\557.jpg
613 	 1 	 1\67.jpg
614 	 1 	 1\234.jpg
615 	 1 	 1\500.jpg
616 	 1 	 1\94.jpg
617 	 1 	 1\464.jpg
618 	 0 	 0\321.jpg
619 	 1 	 1\274.jpg
620 	 1 	 1\483.jpg
621 	 0 	 0\146.jpg
622 	 0 	 0\426.jpg
623 	 1 	 1\337.jpg
624 	 0 	 0\538.jpg
625 	 0 	 0\359.jpg
626 	 0 	 0\201.jpg
627 	 0 	 0\29.jpg
628 	 1 	 1\503.jpg
629 	 0 	 0\160.jpg
630 	 0 	 0\643.jpg
631 	 0 	 0\13.jpg
632 	 0 	 0\102.jpg
633 	 1 	 1\155.jpg
634 	 1 	 1\110.jpg
635 	 0 	 0\556.jpg
636 	 1 	 1\391.jpg
637 	 0 	 0\699.jpg
638 	 0 	 0\352.jpg
639 	 0 	 0\702.jpg
640 	 0 	 0\112.jpg
641 	 1 	 1\509.jpg
642 	 1 	 1\510.jpg
643 	 1 	 1\372.jpg
644 	 1 	 1\150.jpg
645 	 1 	 1\172.jpg
646 	 1 	 1\116.jpg
647 	 0 	 0\481.jpg
648 	 1 	 1\239.jpg
649 	 0 	 0\206.jpg
650 	 0 	 0\628.jpg
651 	 1 	 1\392.jpg
652 	 0 	 0\400.jpg
653 	 0 	 0\11.jpg
654 	 1 	 1\453.jpg
655 	 1 	 1\344.jpg
656 	 0 	 0\676.jpg
657 	 0 	 0\70.jpg
658 	 1 	 1\21.jpg
659 	 0 	 0\109.jpg
660 	 1 	 1\356.jpg
661 	 0 	 0\279.jpg
662 	 0 	 0\39.jpg
663 	 0 	 0\527.jpg
664 	 1 	 1\115.jpg
665 	 0 	 0\457.jpg
666 	 1 	 1\119.jpg
667 	 0 	 0\555.jpg
668 	 0 	 0\173.jpg
669 	 0 	 0\148.jpg
670 	 0 	 0\403.jpg
671 	 1 	 1\57.jpg
672 	 0 	 0\486.jpg
673 	 1 	 1\8.jpg
674 	 1 	 1\180.jpg
675 	 0 	 0\110.jpg
676 	 0 	 0\373.jpg
677 	 0 	 0\233.jpg
678 	 0 	 0\688.jpg
679 	 0 	 0\680.jpg
680 	 0 	 0\450.jpg
681 	 0 	 0\416.jpg
682 	 0 	 0\253.jpg
683 	 0 	 0\603.jpg
684 	 1 	 1\511.jpg
685 	 1 	 1\434.jpg
686 	 0 	 0\613.jpg
687 	 0 	 0\174.jpg
688 	 0 	 0\377.jpg
689 	 0 	 0\18.jpg
690 	 1 	 1\130.jpg
691 	 1 	 1\303.jpg
692 	 0 	 0\214.jpg
693 	 1 	 1\449.jpg
694 	 1 	 1\73.jpg
695 	 0 	 0\297.jpg
696 	 1 	 1\426.jpg
697 	 0 	 0\712.jpg
698 	 0 	 0\147.jpg
699 	 1 	 1\14.jpg
700 	 0 	 0\186.jpg
701 	 1 	 1\493.jpg
702 	 0 	 0\301.jpg
703 	 1 	 1\447.jpg
704 	 0 	 0\41.jpg
705 	 0 	 0\332.jpg
706 	 1 	 1\432.jpg
707 	 1 	 1\5.jpg
708 	 0 	 0\191.jpg
709 	 1 	 1\24.jpg
710 	 0 	 0\17.jpg
711 	 0 	 0\40.jpg
712 	 0 	 0\477.jpg
713 	 0 	 0\701.jpg
714 	 0 	 0\307.jpg
715 	 0 	 0\706.jpg
716 	 0 	 0\266.jpg
717 	 0 	 0\208.jpg
718 	 0 	 0\237.jpg
719 	 1 	 1\22.jpg
720 	 1 	 1\454.jpg
721 	 1 	 1\266.jpg
722 	 1 	 1\68.jpg
723 	 1 	 1\232.jpg
724 	 0 	 0\443.jpg
725 	 1 	 1\213.jpg
726 	 1 	 1\217.jpg
727 	 0 	 0\217.jpg
728 	 0 	 0\137.jpg
729 	 1 	 1\378.jpg
730 	 1 	 1\233.jpg
731 	 0 	 0\49.jpg
732 	 1 	 1\305.jpg
733 	 0 	 0\617.jpg
734 	 0 	 0\249.jpg
735 	 0 	 0\381.jpg
736 	 1 	 1\125.jpg
737 	 1 	 1\0.jpg
738 	 1 	 1\104.jpg
739 	 1 	 1\355.jpg
740 	 0 	 0\383.jpg
741 	 0 	 0\587.jpg
742 	 0 	 0\648.jpg
743 	 1 	 1\250.jpg
744 	 0 	 0\421.jpg
745 	 0 	 0\474.jpg
746 	 0 	 0\489.jpg
747 	 0 	 0\282.jpg
748 	 0 	 0\10.jpg
749 	 0 	 0\167.jpg
750 	 1 	 1\396.jpg
751 	 1 	 1\144.jpg
752 	 0 	 0\30.jpg
753 	 0 	 0\525.jpg
754 	 0 	 0\552.jpg
755 	 0 	 0\90.jpg
756 	 1 	 1\441.jpg
757 	 0 	 0\698.jpg
758 	 1 	 1\123.jpg
759 	 0 	 0\461.jpg
760 	 0 	 0\631.jpg
761 	 0 	 0\419.jpg
762 	 0 	 0\50.jpg
763 	 1 	 1\258.jpg
764 	 1 	 1\389.jpg
765 	 0 	 0\456.jpg
766 	 0 	 0\26.jpg
767 	 1 	 1\386.jpg
768 	 0 	 0\335.jpg
769 	 0 	 0\311.jpg
770 	 0 	 0\156.jpg
771 	 0 	 0\686.jpg
772 	 1 	 1\341.jpg
773 	 1 	 1\102.jpg
774 	 0 	 0\126.jpg
775 	 0 	 0\624.jpg
776 	 0 	 0\429.jpg
777 	 1 	 1\205.jpg
778 	 0 	 0\270.jpg
779 	 0 	 0\309.jpg
780 	 0 	 0\104.jpg
781 	 1 	 1\403.jpg
782 	 1 	 1\477.jpg
783 	 1 	 1\169.jpg
784 	 0 	 0\192.jpg
785 	 0 	 0\241.jpg
786 	 0 	 0\439.jpg
787 	 0 	 0\459.jpg
788 	 1 	 1\19.jpg
789 	 0 	 0\132.jpg
790 	 0 	 0\94.jpg
791 	 1 	 1\293.jpg
792 	 0 	 0\34.jpg
793 	 1 	 1\299.jpg
794 	 1 	 1\489.jpg
795 	 1 	 1\473.jpg
796 	 1 	 1\332.jpg
797 	 1 	 1\245.jpg
798 	 1 	 1\238.jpg
799 	 1 	 1\384.jpg
800 	 0 	 0\364.jpg
801 	 1 	 1\460.jpg
802 	 1 	 1\47.jpg
803 	 1 	 1\173.jpg
804 	 0 	 0\690.jpg
805 	 1 	 1\377.jpg
806 	 1 	 1\443.jpg
807 	 0 	 0\570.jpg
808 	 0 	 0\60.jpg
809 	 0 	 0\213.jpg
810 	 0 	 0\143.jpg
811 	 0 	 0\292.jpg
812 	 1 	 1\331.jpg
813 	 1 	 1\422.jpg
814 	 0 	 0\663.jpg
815 	 0 	 0\658.jpg
816 	 0 	 0\362.jpg
817 	 1 	 1\9.jpg
818 	 1 	 1\11.jpg
819 	 0 	 0\24.jpg
820 	 1 	 1\32.jpg
821 	 1 	 1\463.jpg
822 	 0 	 0\620.jpg
823 	 0 	 0\476.jpg
824 	 0 	 0\478.jpg
825 	 1 	 1\83.jpg
826 	 1 	 1\221.jpg
827 	 0 	 0\623.jpg
828 	 0 	 0\111.jpg
829 	 0 	 0\187.jpg
830 	 1 	 1\485.jpg
831 	 0 	 0\504.jpg
832 	 1 	 1\52.jpg
833 	 1 	 1\495.jpg
834 	 1 	 1\290.jpg
835 	 1 	 1\62.jpg
836 	 0 	 0\579.jpg
837 	 0 	 0\689.jpg
838 	 1 	 1\324.jpg
839 	 1 	 1\97.jpg
840 	 0 	 0\633.jpg
841 	 0 	 0\349.jpg
842 	 0 	 0\514.jpg
843 	 1 	 1\174.jpg
844 	 0 	 0\36.jpg
845 	 0 	 0\222.jpg
846 	 1 	 1\261.jpg
847 	 0 	 0\621.jpg
848 	 1 	 1\281.jpg
849 	 1 	 1\347.jpg
850 	 0 	 0\59.jpg
851 	 1 	 1\436.jpg
852 	 0 	 0\386.jpg
853 	 0 	 0\281.jpg
854 	 1 	 1\265.jpg
855 	 0 	 0\519.jpg
856 	 0 	 0\430.jpg
857 	 0 	 0\436.jpg
858 	 0 	 0\331.jpg
859 	 0 	 0\328.jpg
860 	 1 	 1\369.jpg
861 	 1 	 1\383.jpg
862 	 1 	 1\285.jpg
863 	 0 	 0\572.jpg
864 	 0 	 0\596.jpg
865 	 0 	 0\88.jpg
866 	 1 	 1\204.jpg
867 	 1 	 1\235.jpg
868 	 0 	 0\650.jpg
869 	 1 	 1\459.jpg
870 	 0 	 0\458.jpg
871 	 0 	 0\333.jpg
872 	 1 	 1\108.jpg
873 	 1 	 1\498.jpg
874 	 0 	 0\584.jpg
875 	 0 	 0\115.jpg
876 	 0 	 0\396.jpg
877 	 1 	 1\222.jpg
878 	 0 	 0\438.jpg
879 	 0 	 0\145.jpg
880 	 0 	 0\382.jpg
881 	 0 	 0\451.jpg
882 	 0 	 0\482.jpg
883 	 1 	 1\327.jpg
884 	 1 	 1\428.jpg
885 	 1 	 1\257.jpg
886 	 1 	 1\131.jpg
887 	 1 	 1\191.jpg
888 	 0 	 0\414.jpg
889 	 0 	 0\503.jpg
890 	 1 	 1\387.jpg
891 	 0 	 0\356.jpg
892 	 1 	 1\416.jpg
893 	 0 	 0\711.jpg
894 	 1 	 1\26.jpg
895 	 0 	 0\245.jpg
896 	 1 	 1\316.jpg
897 	 0 	 0\259.jpg
898 	 0 	 0\316.jpg
899 	 1 	 1\101.jpg
900 	 0 	 0\158.jpg
901 	 0 	 0\220.jpg
902 	 0 	 0\180.jpg
903 	 1 	 1\59.jpg
904 	 1 	 1\289.jpg
905 	 0 	 0\118.jpg
906 	 1 	 1\359.jpg
907 	 0 	 0\144.jpg
908 	 0 	 0\329.jpg
909 	 0 	 0\295.jpg
910 	 0 	 0\465.jpg
911 	 1 	 1\275.jpg
912 	 0 	 0\602.jpg
913 	 0 	 0\455.jpg
914 	 0 	 0\0.jpg
915 	 1 	 1\42.jpg
916 	 0 	 0\388.jpg
917 	 1 	 1\45.jpg
918 	 1 	 1\342.jpg
919 	 0 	 0\371.jpg
920 	 1 	 1\300.jpg
921 	 1 	 1\404.jpg
922 	 0 	 0\89.jpg
923 	 0 	 0\597.jpg
924 	 0 	 0\539.jpg
925 	 0 	 0\395.jpg
926 	 0 	 0\583.jpg
927 	 0 	 0\68.jpg
928 	 0 	 0\138.jpg
929 	 1 	 1\246.jpg
930 	 0 	 0\268.jpg
931 	 0 	 0\677.jpg
932 	 1 	 1\35.jpg
933 	 0 	 0\697.jpg
934 	 0 	 0\560.jpg
935 	 0 	 0\516.jpg
936 	 0 	 0\520.jpg
937 	 1 	 1\408.jpg
938 	 1 	 1\368.jpg
939 	 1 	 1\137.jpg
940 	 1 	 1\414.jpg
941 	 0 	 0\243.jpg
942 	 1 	 1\140.jpg
943 	 1 	 1\134.jpg
944 	 0 	 0\580.jpg
945 	 1 	 1\225.jpg
946 	 1 	 1\292.jpg
947 	 0 	 0\592.jpg
948 	 1 	 1\393.jpg
949 	 0 	 0\571.jpg
950 	 1 	 1\430.jpg
951 	 0 	 0\6.jpg
952 	 0 	 0\190.jpg
953 	 0 	 0\322.jpg
954 	 1 	 1\166.jpg
955 	 0 	 0\299.jpg
956 	 0 	 0\98.jpg
957 	 0 	 0\542.jpg
958 	 1 	 1\46.jpg
959 	 1 	 1\201.jpg
960 	 0 	 0\264.jpg
961 	 1 	 1\385.jpg
962 	 1 	 1\63.jpg
963 	 0 	 0\412.jpg
964 	 0 	 0\494.jpg
965 	 0 	 0\594.jpg
966 	 1 	 1\60.jpg
967 	 0 	 0\608.jpg
968 	 1 	 1\445.jpg
969 	 0 	 0\314.jpg
970 	 1 	 1\442.jpg
971 	 1 	 1\264.jpg
972 	 1 	 1\469.jpg
973 	 1 	 1\338.jpg
974 	 1 	 1\34.jpg
975 	 1 	 1\373.jpg
976 	 0 	 0\53.jpg
977 	 1 	 1\420.jpg
978 	 0 	 0\343.jpg
979 	 1 	 1\399.jpg
980 	 0 	 0\46.jpg
981 	 0 	 0\48.jpg
982 	 0 	 0\32.jpg
983 	 1 	 1\86.jpg
984 	 1 	 1\157.jpg
985 	 1 	 1\470.jpg
986 	 1 	 1\323.jpg
987 	 0 	 0\261.jpg
988 	 1 	 1\374.jpg
989 	 1 	 1\75.jpg
990 	 1 	 1\450.jpg
991 	 1 	 1\301.jpg
992 	 0 	 0\113.jpg
993 	 0 	 0\501.jpg
994 	 1 	 1\122.jpg
995 	 0 	 0\235.jpg
996 	 1 	 1\413.jpg
997 	 0 	 0\614.jpg
998 	 1 	 1\33.jpg
999 	 1 	 1\230.jpg
1000 	 0 	 0\401.jpg
1001 	 1 	 1\167.jpg
1002 	 0 	 0\654.jpg
1003 	 0 	 0\432.jpg
1004 	 0 	 0\705.jpg
1005 	 0 	 0\271.jpg
1006 	 0 	 0\185.jpg
1007 	 1 	 1\90.jpg
1008 	 1 	 1\107.jpg
1009 	 1 	 1\143.jpg
1010 	 1 	 1\145.jpg
1011 	 1 	 1\231.jpg
1012 	 0 	 0\696.jpg
1013 	 1 	 1\409.jpg
1014 	 1 	 1\149.jpg
1015 	 0 	 0\305.jpg
1016 	 0 	 0\131.jpg
1017 	 1 	 1\214.jpg
1018 	 1 	 1\229.jpg
1019 	 0 	 0\177.jpg
1020 	 1 	 1\71.jpg
1021 	 0 	 0\591.jpg
1022 	 1 	 1\267.jpg
1023 	 1 	 1\401.jpg
1024 	 1 	 1\439.jpg
1025 	 0 	 0\641.jpg
1026 	 1 	 1\151.jpg
1027 	 0 	 0\141.jpg
1028 	 0 	 0\652.jpg
1029 	 0 	 0\700.jpg
1030 	 1 	 1\319.jpg
1031 	 1 	 1\186.jpg
1032 	 0 	 0\81.jpg
1033 	 1 	 1\461.jpg
1034 	 0 	 0\385.jpg
1035 	 1 	 1\270.jpg
1036 	 0 	 0\272.jpg
1037 	 0 	 0\472.jpg
1038 	 0 	 0\344.jpg
1039 	 0 	 0\12.jpg
1040 	 0 	 0\460.jpg
1041 	 0 	 0\178.jpg
1042 	 0 	 0\124.jpg
1043 	 1 	 1\304.jpg
1044 	 0 	 0\171.jpg
1045 	 0 	 0\660.jpg
1046 	 0 	 0\1.jpg
1047 	 1 	 1\23.jpg
1048 	 0 	 0\551.jpg
1049 	 1 	 1\139.jpg
1050 	 0 	 0\651.jpg
1051 	 0 	 0\537.jpg
1052 	 0 	 0\339.jpg
1053 	 0 	 0\618.jpg
1054 	 0 	 0\598.jpg
1055 	 1 	 1\188.jpg
1056 	 1 	 1\277.jpg
1057 	 0 	 0\473.jpg
1058 	 1 	 1\479.jpg
1059 	 0 	 0\122.jpg
1060 	 1 	 1\16.jpg
1061 	 1 	 1\380.jpg
1062 	 1 	 1\211.jpg
1063 	 1 	 1\271.jpg
1064 	 0 	 0\14.jpg
1065 	 0 	 0\709.jpg
1066 	 0 	 0\224.jpg
1067 	 0 	 0\653.jpg
1068 	 1 	 1\505.jpg
1069 	 1 	 1\334.jpg
1070 	 0 	 0\687.jpg
1071 	 0 	 0\67.jpg
1072 	 0 	 0\318.jpg
1073 	 1 	 1\419.jpg
1074 	 1 	 1\388.jpg
1075 	 0 	 0\211.jpg
1076 	 1 	 1\168.jpg
1077 	 0 	 0\288.jpg
1078 	 0 	 0\312.jpg
1079 	 1 	 1\333.jpg
1080 	 1 	 1\100.jpg
1081 	 0 	 0\562.jpg
1082 	 0 	 0\404.jpg
1083 	 0 	 0\209.jpg
1084 	 0 	 0\71.jpg
1085 	 0 	 0\23.jpg
1086 	 0 	 0\390.jpg
1087 	 1 	 1\74.jpg
1088 	 1 	 1\260.jpg
1089 	 1 	 1\358.jpg
1090 	 0 	 0\684.jpg
1091 	 0 	 0\86.jpg
1092 	 1 	 1\328.jpg
1093 	 0 	 0\370.jpg
1094 	 1 	 1\12.jpg
1095 	 0 	 0\446.jpg
1096 	 1 	 1\516.jpg
1097 	 1 	 1\278.jpg
1098 	 1 	 1\176.jpg
1099 	 0 	 0\342.jpg
1100 	 0 	 0\495.jpg
1101 	 0 	 0\4.jpg
1102 	 0 	 0\5.jpg
1103 	 1 	 1\320.jpg
1104 	 1 	 1\364.jpg
1105 	 0 	 0\255.jpg
1106 	 1 	 1\283.jpg
1107 	 0 	 0\531.jpg
1108 	 0 	 0\469.jpg
1109 	 0 	 0\434.jpg
1110 	 0 	 0\273.jpg
1111 	 0 	 0\500.jpg
1112 	 0 	 0\670.jpg
1113 	 1 	 1\456.jpg
1114 	 1 	 1\87.jpg
1115 	 0 	 0\58.jpg
1116 	 1 	 1\10.jpg
1117 	 0 	 0\559.jpg
1118 	 1 	 1\252.jpg
1119 	 1 	 1\181.jpg
1120 	 0 	 0\218.jpg
1121 	 0 	 0\380.jpg
1122 	 0 	 0\280.jpg
1123 	 0 	 0\448.jpg
1124 	 0 	 0\387.jpg
1125 	 1 	 1\255.jpg
1126 	 1 	 1\262.jpg
1127 	 1 	 1\227.jpg
1128 	 1 	 1\444.jpg
1129 	 0 	 0\66.jpg
1130 	 1 	 1\310.jpg
1131 	 1 	 1\468.jpg
1132 	 1 	 1\382.jpg
1133 	 0 	 0\189.jpg
1134 	 0 	 0\37.jpg
1135 	 1 	 1\31.jpg
1136 	 0 	 0\210.jpg
1137 	 1 	 1\406.jpg
1138 	 0 	 0\553.jpg
1139 	 1 	 1\325.jpg
1140 	 0 	 0\471.jpg
1141 	 1 	 1\366.jpg
1142 	 0 	 0\599.jpg
1143 	 0 	 0\83.jpg
1144 	 0 	 0\604.jpg
1145 	 0 	 0\129.jpg
1146 	 1 	 1\491.jpg
1147 	 0 	 0\274.jpg
1148 	 0 	 0\226.jpg
1149 	 1 	 1\242.jpg
1150 	 0 	 0\714.jpg
1151 	 0 	 0\293.jpg
1152 	 0 	 0\683.jpg
1153 	 0 	 0\300.jpg
1154 	 1 	 1\279.jpg
1155 	 0 	 0\234.jpg
1156 	 0 	 0\467.jpg
1157 	 1 	 1\48.jpg
1158 	 0 	 0\491.jpg
1159 	 0 	 0\334.jpg
1160 	 1 	 1\76.jpg
1161 	 0 	 0\108.jpg
1162 	 1 	 1\148.jpg
1163 	 0 	 0\323.jpg
1164 	 1 	 1\194.jpg
1165 	 1 	 1\6.jpg
1166 	 1 	 1\241.jpg
1167 	 0 	 0\351.jpg
1168 	 0 	 0\422.jpg
1169 	 1 	 1\178.jpg
1170 	 1 	 1\400.jpg
1171 	 1 	 1\95.jpg
1172 	 1 	 1\474.jpg
1173 	 0 	 0\691.jpg
1174 	 0 	 0\227.jpg
1175 	 1 	 1\345.jpg
1176 	 0 	 0\139.jpg
1177 	 0 	 0\57.jpg
1178 	 1 	 1\141.jpg
1179 	 1 	 1\448.jpg
1180 	 1 	 1\55.jpg
1181 	 1 	 1\237.jpg
1182 	 0 	 0\554.jpg
1183 	 0 	 0\679.jpg
1184 	 1 	 1\163.jpg
1185 	 1 	 1\412.jpg
1186 	 1 	 1\254.jpg
1187 	 1 	 1\162.jpg
1188 	 0 	 0\337.jpg
1189 	 1 	 1\440.jpg
1190 	 0 	 0\498.jpg
1191 	 1 	 1\56.jpg
1192 	 0 	 0\239.jpg
1193 	 1 	 1\249.jpg
1194 	 1 	 1\410.jpg
1195 	 0 	 0\117.jpg
1196 	 0 	 0\123.jpg
1197 	 1 	 1\481.jpg
1198 	 0 	 0\130.jpg
1199 	 0 	 0\567.jpg
1200 	 0 	 0\615.jpg
1201 	 1 	 1\515.jpg
1202 	 1 	 1\93.jpg
1203 	 0 	 0\291.jpg
1204 	 1 	 1\53.jpg
1205 	 0 	 0\548.jpg
1206 	 0 	 0\708.jpg
1207 	 0 	 0\20.jpg
1208 	 0 	 0\649.jpg
1209 	 1 	 1\4.jpg
1210 	 0 	 0\97.jpg
1211 	 0 	 0\289.jpg
1212 	 0 	 0\142.jpg
1213 	 1 	 1\158.jpg
1214 	 1 	 1\375.jpg
1215 	 0 	 0\626.jpg
1216 	 1 	 1\363.jpg
1217 	 0 	 0\673.jpg
1218 	 1 	 1\417.jpg
1219 	 0 	 0\2.jpg
1220 	 1 	 1\284.jpg
1221 	 1 	 1\103.jpg
1222 	 1 	 1\446.jpg
1223 	 0 	 0\162.jpg
1224 	 0 	 0\21.jpg
1225 	 1 	 1\118.jpg
1226 	 1 	 1\170.jpg
1227 	 1 	 1\326.jpg
1228 	 1 	 1\501.jpg
1229 	 0 	 0\250.jpg
1230 	 0 	 0\423.jpg
1231 	 0 	 0\152.jpg
